Determining if the pthread_create exist failed with the following output:
Change Dir: /home/rnd/dev/opencv_training/build/CMakeFiles/CMakeTmp

Run Build Command:"/usr/bin/ninja" "cmTC_a32d6"
[1/2] Building C object CMakeFiles/cmTC_a32d6.dir/CheckSymbolExists.c.o
[2/2] Linking C executable cmTC_a32d6
FAILED: cmTC_a32d6 
: && /usr/bin/cc -fPIC  -rdynamic CMakeFiles/cmTC_a32d6.dir/CheckSymbolExists.c.o  -o cmTC_a32d6   && :
CMakeFiles/cmTC_a32d6.dir/CheckSymbolExists.c.o: In function `main':
CheckSymbolExists.c:(.text+0x1b): undefined reference to `pthread_create'
collect2: error: ld returned 1 exit status
ninja: build stopped: subcommand failed.

File /home/rnd/dev/opencv_training/build/CMakeFiles/CMakeTmp/CheckSymbolExists.c:
/* */
#include <pthread.h>

int main(int argc, char** argv)
{
  (void)argv;
#ifndef pthread_create
  return ((int*)(&pthread_create))[argc];
#else
  (void)argc;
  return 0;
#endif
}

Determining if the function pthread_create exists in the pthreads failed with the following output:
Change Dir: /home/rnd/dev/opencv_training/build/CMakeFiles/CMakeTmp

Run Build Command:"/usr/bin/ninja" "cmTC_a3222"
[1/2] Building C object CMakeFiles/cmTC_a3222.dir/CheckFunctionExists.c.o
[2/2] Linking C executable cmTC_a3222
FAILED: cmTC_a3222 
: && /usr/bin/cc -fPIC -DCHECK_FUNCTION_EXISTS=pthread_create  -rdynamic CMakeFiles/cmTC_a3222.dir/CheckFunctionExists.c.o  -o cmTC_a3222  -lpthreads && :
/usr/bin/ld: cannot find -lpthreads
collect2: error: ld returned 1 exit status
ninja: build stopped: subcommand failed.


